This is pdfTeX, Version 3.14159265-2.6-1.40.16 (TeX Live 2015) (preloaded format=pdflatex 2016.3.1)  30 SEP 2016 17:01
entering extended mode
 restricted \write18 enabled.
 %&-line parsing enabled.
**ThesisWHY.tex
(./ThesisWHY.tex
LaTeX2e <2015/01/01>
Babel <3.9l> and hyphenation patterns for 79 languages loaded.
(/usr/local/texlive/2015/texmf-dist/tex/latex/base/article.cls
Document Class: article 2014/09/29 v1.4h Standard LaTeX document class
(/usr/local/texlive/2015/texmf-dist/tex/latex/base/size11.clo
File: size11.clo 2014/09/29 v1.4h Standard LaTeX file (size option)
)
\c@part=\count79
\c@section=\count80
\c@subsection=\count81
\c@subsubsection=\count82
\c@paragraph=\count83
\c@subparagraph=\count84
\c@figure=\count85
\c@table=\count86
\abovecaptionskip=\skip41
\belowcaptionskip=\skip42
\bibindent=\dimen102
)
(/usr/local/texlive/2015/texmf-dist/tex/latex/base/inputenc.sty
Package: inputenc 2015/03/17 v1.2c Input encoding file
\inpenc@prehook=\toks14
\inpenc@posthook=\toks15

(/usr/local/texlive/2015/texmf-dist/tex/latex/base/latin1.def
File: latin1.def 2015/03/17 v1.2c Input encoding file
))
(/usr/local/texlive/2015/texmf-dist/tex/latex/amsmath/amsmath.sty
Package: amsmath 2013/01/14 v2.14 AMS math features
\@mathmargin=\skip43

For additional information on amsmath, use the `?' option.
(/usr/local/texlive/2015/texmf-dist/tex/latex/amsmath/amstext.sty
Package: amstext 2000/06/29 v2.01

(/usr/local/texlive/2015/texmf-dist/tex/latex/amsmath/amsgen.sty
File: amsgen.sty 1999/11/30 v2.0
\@emptytoks=\toks16
\ex@=\dimen103
))
(/usr/local/texlive/2015/texmf-dist/tex/latex/amsmath/amsbsy.sty
Package: amsbsy 1999/11/29 v1.2d
\pmbraise@=\dimen104
)
(/usr/local/texlive/2015/texmf-dist/tex/latex/amsmath/amsopn.sty
Package: amsopn 1999/12/14 v2.01 operator names
)
\inf@bad=\count87
LaTeX Info: Redefining \frac on input line 210.
\uproot@=\count88
\leftroot@=\count89
LaTeX Info: Redefining \overline on input line 306.
\classnum@=\count90
\DOTSCASE@=\count91
LaTeX Info: Redefining \ldots on input line 378.
LaTeX Info: Redefining \dots on input line 381.
LaTeX Info: Redefining \cdots on input line 466.
\Mathstrutbox@=\box26
\strutbox@=\box27
\big@size=\dimen105
LaTeX Font Info:    Redeclaring font encoding OML on input line 566.
LaTeX Font Info:    Redeclaring font encoding OMS on input line 567.
\macc@depth=\count92
\c@MaxMatrixCols=\count93
\dotsspace@=\muskip10
\c@parentequation=\count94
\dspbrk@lvl=\count95
\tag@help=\toks17
\row@=\count96
\column@=\count97
\maxfields@=\count98
\andhelp@=\toks18
\eqnshift@=\dimen106
\alignsep@=\dimen107
\tagshift@=\dimen108
\tagwidth@=\dimen109
\totwidth@=\dimen110
\lineht@=\dimen111
\@envbody=\toks19
\multlinegap=\skip44
\multlinetaggap=\skip45
\mathdisplay@stack=\toks20
LaTeX Info: Redefining \[ on input line 2665.
LaTeX Info: Redefining \] on input line 2666.
)
(/usr/local/texlive/2015/texmf-dist/tex/latex/oberdiek/pdflscape.sty
Package: pdflscape 2008/08/11 v0.10 Display of landscape pages in PDF (HO)

(/usr/local/texlive/2015/texmf-dist/tex/latex/graphics/lscape.sty
Package: lscape 2000/10/22 v3.01 Landscape Pages (DPC)

(/usr/local/texlive/2015/texmf-dist/tex/latex/graphics/graphics.sty
Package: graphics 2014/10/28 v1.0p Standard LaTeX Graphics (DPC,SPQR)

(/usr/local/texlive/2015/texmf-dist/tex/latex/graphics/trig.sty
Package: trig 1999/03/16 v1.09 sin cos tan (DPC)
)
(/usr/local/texlive/2015/texmf-dist/tex/latex/latexconfig/graphics.cfg
File: graphics.cfg 2010/04/23 v1.9 graphics configuration of TeX Live
)
Package graphics Info: Driver file: pdftex.def on input line 94.

(/usr/local/texlive/2015/texmf-dist/tex/latex/pdftex-def/pdftex.def
File: pdftex.def 2011/05/27 v0.06d Graphics/color for pdfTeX

(/usr/local/texlive/2015/texmf-dist/tex/generic/oberdiek/infwarerr.sty
Package: infwarerr 2010/04/08 v1.3 Providing info/warning/error messages (HO)
)
(/usr/local/texlive/2015/texmf-dist/tex/generic/oberdiek/ltxcmds.sty
Package: ltxcmds 2011/11/09 v1.22 LaTeX kernel commands for general use (HO)
)
\Gread@gobject=\count99
)))
(/usr/local/texlive/2015/texmf-dist/tex/generic/oberdiek/ifpdf.sty
Package: ifpdf 2011/01/30 v2.3 Provides the ifpdf switch (HO)
Package ifpdf Info: pdfTeX in PDF mode is detected.
)
Package pdflscape Info: Auto-detected driver: pdftex on input line 80.

(/usr/local/texlive/2015/texmf-dist/tex/generic/ifxetex/ifxetex.sty
Package: ifxetex 2010/09/12 v0.6 Provides ifxetex conditional
))
(/usr/local/texlive/2015/texmf-dist/tex/latex/rotating/rotating.sty
Package: rotating 2009/03/28 v2.16a rotated objects in LaTeX

(/usr/local/texlive/2015/texmf-dist/tex/latex/graphics/graphicx.sty
Package: graphicx 2014/10/28 v1.0g Enhanced LaTeX Graphics (DPC,SPQR)

(/usr/local/texlive/2015/texmf-dist/tex/latex/graphics/keyval.sty
Package: keyval 2014/10/28 v1.15 key=value parser (DPC)
\KV@toks@=\toks21
)
\Gin@req@height=\dimen112
\Gin@req@width=\dimen113
)
(/usr/local/texlive/2015/texmf-dist/tex/latex/base/ifthen.sty
Package: ifthen 2014/09/29 v1.1c Standard LaTeX ifthen package (DPC)
)
\c@r@tfl@t=\count100
\rotFPtop=\skip46
\rotFPbot=\skip47
\rot@float@box=\box28
\rot@mess@toks=\toks22
)
(/usr/local/texlive/2015/texmf-dist/tex/latex/amsfonts/amsfonts.sty
Package: amsfonts 2013/01/14 v3.01 Basic AMSFonts support
\symAMSa=\mathgroup4
\symAMSb=\mathgroup5
LaTeX Font Info:    Overwriting math alphabet `\mathfrak' in version `bold'
(Font)                  U/euf/m/n --> U/euf/b/n on input line 106.
)
(/usr/local/texlive/2015/texmf-dist/tex/latex/tabu/tabu.sty
Package: tabu 2011/02/26 v2.8 - flexible LaTeX tabulars (FC)

(/usr/local/texlive/2015/texmf-dist/tex/latex/tools/array.sty
Package: array 2014/10/28 v2.4c Tabular extension package (FMi)
\col@sep=\dimen114
\extrarowheight=\dimen115
\NC@list=\toks23
\extratabsurround=\skip48
\backup@length=\skip49
)
(/usr/local/texlive/2015/texmf-dist/tex/latex/varwidth/varwidth.sty
Package: varwidth 2009/03/30 ver 0.92;  Variable-width minipages
\@vwid@box=\box29
\sift@deathcycles=\count101
\@vwid@loff=\dimen116
\@vwid@roff=\dimen117
)
\c@taburow=\count102
\tabu@nbcols=\count103
\tabu@cnt=\count104
\tabu@Xcol=\count105
\tabu@alloc=\count106
\tabu@nested=\count107
\tabu@target=\dimen118
\tabu@spreadtarget=\dimen119
\tabu@naturalX=\dimen120
\tabucolX=\dimen121
\tabu@Xsum=\dimen122
\extrarowdepth=\dimen123
\abovetabulinesep=\dimen124
\belowtabulinesep=\dimen125
\tabustrutrule=\dimen126
\tabu@thebody=\toks24
\tabu@footnotes=\toks25
\tabu@box=\box30
\tabu@arstrutbox=\box31
\tabu@hleads=\box32
\tabu@vleads=\box33
\tabu@cellskip=\skip50
)
(/usr/local/texlive/2015/texmf-dist/tex/latex/cite/cite.sty
LaTeX Info: Redefining \cite on input line 302.
LaTeX Info: Redefining \nocite on input line 332.
Package: cite 2015/02/27  v 5.5
)
(/usr/local/texlive/2015/texmf-dist/tex/latex/appendix/appendix.sty
Package: appendix 2009/09/02 v1.2b extra appendix facilities
\c@@pps=\count108
\c@@ppsavesec=\count109
\c@@ppsaveapp=\count110
)
(/usr/local/texlive/2015/texmf-dist/tex/latex/amsfonts/amssymb.sty
Package: amssymb 2013/01/14 v3.01 AMS font symbols
)
(/usr/local/texlive/2015/texmf-dist/tex/latex/tools/tabularx.sty
Package: tabularx 2014/10/28 v2.10 `tabularx' package (DPC)
\TX@col@width=\dimen127
\TX@old@table=\dimen128
\TX@old@col=\dimen129
\TX@target=\dimen130
\TX@delta=\dimen131
\TX@cols=\count111
\TX@ftn=\toks26
)
(/usr/local/texlive/2015/texmf-dist/tex/latex/caption/caption.sty
Package: caption 2013/05/02 v3.3-89 Customizing captions (AR)

(/usr/local/texlive/2015/texmf-dist/tex/latex/caption/caption3.sty
Package: caption3 2013/05/02 v1.6-88 caption3 kernel (AR)
Package caption3 Info: TeX engine: e-TeX on input line 57.
\captionmargin=\dimen132
\captionmargin@=\dimen133
\captionwidth=\dimen134
\caption@tempdima=\dimen135
\caption@indent=\dimen136
\caption@parindent=\dimen137
\caption@hangindent=\dimen138
)
\c@ContinuedFloat=\count112
Package caption Info: rotating package is loaded.
)
(/usr/local/texlive/2015/texmf-dist/tex/latex/multirow/multirow.sty
\bigstrutjot=\dimen139
)
(/usr/local/texlive/2015/texmf-dist/tex/latex/setspace/setspace.sty
Package: setspace 2011/12/19 v6.7a set line spacing
)
(/usr/local/texlive/2015/texmf-dist/tex/latex/fancyhdr/fancyhdr.sty
\fancy@headwidth=\skip51
\f@ncyO@elh=\skip52
\f@ncyO@erh=\skip53
\f@ncyO@olh=\skip54
\f@ncyO@orh=\skip55
\f@ncyO@elf=\skip56
\f@ncyO@erf=\skip57
\f@ncyO@olf=\skip58
\f@ncyO@orf=\skip59
)
(/usr/local/texlive/2015/texmf-dist/tex/latex/adjustbox/adjustbox.sty
Package: adjustbox 2012/05/21 v1.0 Adjusting TeX boxes (trim, clip, ...)

(/usr/local/texlive/2015/texmf-dist/tex/latex/xkeyval/xkeyval.sty
Package: xkeyval 2014/12/03 v2.7a package option processing (HA)

(/usr/local/texlive/2015/texmf-dist/tex/generic/xkeyval/xkeyval.tex
(/usr/local/texlive/2015/texmf-dist/tex/generic/xkeyval/xkvutils.tex
\XKV@toks=\toks27
\XKV@tempa@toks=\toks28
)
\XKV@depth=\count113
File: xkeyval.tex 2014/12/03 v2.7a key=value parser (HA)
))
(/usr/local/texlive/2015/texmf-dist/tex/latex/adjustbox/adjcalc.sty
Package: adjcalc 2012/05/16 v1.1 Provides advanced setlength with multiple back
-ends (calc, etex, pgfmath)
)
(/usr/local/texlive/2015/texmf-dist/tex/latex/adjustbox/trimclip.sty
Package: trimclip 2012/05/16 v1.0 Trim and clip general TeX material

(/usr/local/texlive/2015/texmf-dist/tex/latex/collectbox/collectbox.sty
Package: collectbox 2012/05/17 v0.4b Collect macro arguments as boxes
\collectedbox=\box34
)
\tc@llx=\dimen140
\tc@lly=\dimen141
\tc@urx=\dimen142
\tc@ury=\dimen143
Package trimclip Info: Using driver 'tc-pdftex.def'.

(/usr/local/texlive/2015/texmf-dist/tex/latex/adjustbox/tc-pdftex.def
File: tc-pdftex.def 2012/05/13 v1.0 Clipping driver for pdftex
))
\adjbox@Width=\dimen144
\adjbox@Height=\dimen145
\adjbox@Depth=\dimen146
\adjbox@Totalheight=\dimen147

(/usr/local/texlive/2015/texmf-dist/tex/latex/ifoddpage/ifoddpage.sty
Package: ifoddpage 2011/09/13 v1.0 Conditionals for odd/even page detection
\c@checkoddpage=\count114
))
LaTeX Info: Redefining \nocite on input line 22.

(/usr/local/texlive/2015/texmf-dist/tex/latex/geometry/geometry.sty
Package: geometry 2010/09/12 v5.6 Page Geometry

(/usr/local/texlive/2015/texmf-dist/tex/generic/oberdiek/ifvtex.sty
Package: ifvtex 2010/03/01 v1.5 Detect VTeX and its facilities (HO)
Package ifvtex Info: VTeX not detected.
)
\Gm@cnth=\count115
\Gm@cntv=\count116
\c@Gm@tempcnt=\count117
\Gm@bindingoffset=\dimen148
\Gm@wd@mp=\dimen149
\Gm@odd@mp=\dimen150
\Gm@even@mp=\dimen151
\Gm@layoutwidth=\dimen152
\Gm@layoutheight=\dimen153
\Gm@layouthoffset=\dimen154
\Gm@layoutvoffset=\dimen155
\Gm@dimlist=\toks29
)
(/usr/local/texlive/2015/texmf-dist/tex/latex/pslatex/pslatex.sty
Package: pslatex 1996/07/24 v1.2 pslatex emulation (DPC)
LaTeX Font Info:    Redeclaring symbol font `operators' on input line 65.
LaTeX Font Info:    Overwriting symbol font `operators' in version `normal'
(Font)                  OT1/cmr/m/n --> OT1/ptmcm/m/n on input line 65.
LaTeX Font Info:    Overwriting symbol font `operators' in version `bold'
(Font)                  OT1/cmr/bx/n --> OT1/ptmcm/m/n on input line 65.
LaTeX Font Info:    Redeclaring symbol font `letters' on input line 66.
LaTeX Font Info:    Overwriting symbol font `letters' in version `normal'
(Font)                  OML/cmm/m/it --> OML/ptmcm/m/it on input line 66.
LaTeX Font Info:    Overwriting symbol font `letters' in version `bold'
(Font)                  OML/cmm/b/it --> OML/ptmcm/m/it on input line 66.
LaTeX Font Info:    Redeclaring symbol font `symbols' on input line 67.
LaTeX Font Info:    Overwriting symbol font `symbols' in version `normal'
(Font)                  OMS/cmsy/m/n --> OMS/pzccm/m/n on input line 67.
LaTeX Font Info:    Overwriting symbol font `symbols' in version `bold'
(Font)                  OMS/cmsy/b/n --> OMS/pzccm/m/n on input line 67.
LaTeX Font Info:    Redeclaring symbol font `largesymbols' on input line 68.
LaTeX Font Info:    Overwriting symbol font `largesymbols' in version `normal'
(Font)                  OMX/cmex/m/n --> OMX/psycm/m/n on input line 68.
LaTeX Font Info:    Overwriting symbol font `largesymbols' in version `bold'
(Font)                  OMX/cmex/m/n --> OMX/psycm/m/n on input line 68.
\symbold=\mathgroup6
\symitalic=\mathgroup7
LaTeX Font Info:    Redeclaring math alphabet \mathbf on input line 74.
LaTeX Font Info:    Overwriting math alphabet `\mathbf' in version `normal'
(Font)                  OT1/cmr/bx/n --> OT1/ptm/bx/n on input line 74.
LaTeX Font Info:    Overwriting math alphabet `\mathbf' in version `bold'
(Font)                  OT1/cmr/bx/n --> OT1/ptm/bx/n on input line 74.
LaTeX Font Info:    Redeclaring math alphabet \mathit on input line 75.
LaTeX Font Info:    Overwriting math alphabet `\mathit' in version `normal'
(Font)                  OT1/cmr/m/it --> OT1/ptm/m/it on input line 75.
LaTeX Font Info:    Overwriting math alphabet `\mathit' in version `bold'
(Font)                  OT1/cmr/bx/it --> OT1/ptm/m/it on input line 75.
)
(./ThesisWHY.aux)
\openout1 = `ThesisWHY.aux'.

LaTeX Font Info:    Checking defaults for OML/cmm/m/it on input line 94.
LaTeX Font Info:    ... okay on input line 94.
LaTeX Font Info:    Checking defaults for T1/cmr/m/n on input line 94.
LaTeX Font Info:    ... okay on input line 94.
LaTeX Font Info:    Checking defaults for OT1/cmr/m/n on input line 94.
LaTeX Font Info:    ... okay on input line 94.
LaTeX Font Info:    Checking defaults for OMS/pzccm/m/n on input line 94.
LaTeX Font Info:    Try loading font information for OMS+pzccm on input line 94
.

(/usr/local/texlive/2015/texmf-dist/tex/latex/psnfss/omspzccm.fd
File: omspzccm.fd 2000/01/03 Fontinst v1.801 font definitions for OMS/pzccm.
)
LaTeX Font Info:    ... okay on input line 94.
LaTeX Font Info:    Checking defaults for OMX/cmex/m/n on input line 94.
LaTeX Font Info:    ... okay on input line 94.
LaTeX Font Info:    Checking defaults for U/cmr/m/n on input line 94.
LaTeX Font Info:    ... okay on input line 94.

(/usr/local/texlive/2015/texmf-dist/tex/context/base/supp-pdf.mkii
[Loading MPS to PDF converter (version 2006.09.02).]
\scratchcounter=\count118
\scratchdimen=\dimen156
\scratchbox=\box35
\nofMPsegments=\count119
\nofMParguments=\count120
\everyMPshowfont=\toks30
\MPscratchCnt=\count121
\MPscratchDim=\dimen157
\MPnumerator=\count122
\makeMPintoPDFobject=\count123
\everyMPtoPDFconversion=\toks31
) (/usr/local/texlive/2015/texmf-dist/tex/generic/oberdiek/pdftexcmds.sty
Package: pdftexcmds 2011/11/29 v0.20 Utility functions of pdfTeX for LuaTeX (HO
)

(/usr/local/texlive/2015/texmf-dist/tex/generic/oberdiek/ifluatex.sty
Package: ifluatex 2010/03/01 v1.3 Provides the ifluatex switch (HO)
Package ifluatex Info: LuaTeX not detected.
)
Package pdftexcmds Info: LuaTeX not detected.
Package pdftexcmds Info: \pdf@primitive is available.
Package pdftexcmds Info: \pdf@ifprimitive is available.
Package pdftexcmds Info: \pdfdraftmode found.
)
(/usr/local/texlive/2015/texmf-dist/tex/latex/oberdiek/epstopdf-base.sty
Package: epstopdf-base 2010/02/09 v2.5 Base part for package epstopdf

(/usr/local/texlive/2015/texmf-dist/tex/latex/oberdiek/grfext.sty
Package: grfext 2010/08/19 v1.1 Manage graphics extensions (HO)

(/usr/local/texlive/2015/texmf-dist/tex/generic/oberdiek/kvdefinekeys.sty
Package: kvdefinekeys 2011/04/07 v1.3 Define keys (HO)
))
(/usr/local/texlive/2015/texmf-dist/tex/latex/oberdiek/kvoptions.sty
Package: kvoptions 2011/06/30 v3.11 Key value format for package options (HO)

(/usr/local/texlive/2015/texmf-dist/tex/generic/oberdiek/kvsetkeys.sty
Package: kvsetkeys 2012/04/25 v1.16 Key value parser (HO)

(/usr/local/texlive/2015/texmf-dist/tex/generic/oberdiek/etexcmds.sty
Package: etexcmds 2011/02/16 v1.5 Avoid name clashes with e-TeX commands (HO)
Package etexcmds Info: Could not find \expanded.
(etexcmds)             That can mean that you are not using pdfTeX 1.50 or
(etexcmds)             that some package has redefined \expanded.
(etexcmds)             In the latter case, load this package earlier.
)))
Package grfext Info: Graphics extension search list:
(grfext)             [.png,.pdf,.jpg,.mps,.jpeg,.jbig2,.jb2,.PNG,.PDF,.JPG,.JPE
G,.JBIG2,.JB2,.eps]
(grfext)             \AppendGraphicsExtensions on input line 452.

(/usr/local/texlive/2015/texmf-dist/tex/latex/latexconfig/epstopdf-sys.cfg
File: epstopdf-sys.cfg 2010/07/13 v1.3 Configuration of (r)epstopdf for TeX Liv
e
))
Package caption Info: Begin \AtBeginDocument code.
Package caption Info: End \AtBeginDocument code.

*geometry* driver: auto-detecting
*geometry* detected driver: pdftex
*geometry* verbose mode - [ preamble ] result:
* driver: pdftex
* paper: a4paper
* layout: <same size as paper>
* layoutoffset:(h,v)=(0.0pt,0.0pt)
* modes: 
* h-part:(L,W,R)=(113.81102pt, 412.56496pt, 71.1319pt)
* v-part:(T,H,B)=(71.13188pt, 702.78307pt, 71.1319pt)
* \paperwidth=597.50787pt
* \paperheight=845.04684pt
* \textwidth=412.56496pt
* \textheight=702.78307pt
* \oddsidemargin=41.54103pt
* \evensidemargin=41.54103pt
* \topmargin=-38.1381pt
* \headheight=12.0pt
* \headsep=25.0pt
* \topskip=11.0pt
* \footskip=30.0pt
* \marginparwidth=50.0pt
* \marginparsep=10.0pt
* \columnsep=10.0pt
* \skip\footins=10.0pt plus 4.0pt minus 2.0pt
* \hoffset=0.0pt
* \voffset=0.0pt
* \mag=1000
* \@twocolumnfalse
* \@twosidefalse
* \@mparswitchfalse
* \@reversemarginfalse
* (1in=72.27pt=25.4mm, 1cm=28.453pt)

LaTeX Font Info:    Font shape `OT1/ptm/bx/n' in size <24.88> not available
(Font)              Font shape `OT1/ptm/b/n' tried instead on input line 97.
[1

{/usr/local/texlive/2015/texmf-var/fonts/map/pdftex/updmap/pdftex.map}]
LaTeX Font Info:    Font shape `OT1/ptm/bx/n' in size <14.4> not available
(Font)              Font shape `OT1/ptm/b/n' tried instead on input line 118.

(./ThesisWHY.toc
LaTeX Font Info:    Font shape `OT1/ptm/bx/n' in size <10.95> not available
(Font)              Font shape `OT1/ptm/b/n' tried instead on input line 1.
LaTeX Font Info:    Try loading font information for OT1+ptmcm on input line 4.


(/usr/local/texlive/2015/texmf-dist/tex/latex/psnfss/ot1ptmcm.fd
File: ot1ptmcm.fd 2000/01/03 Fontinst v1.801 font definitions for OT1/ptmcm.
)
LaTeX Font Info:    Try loading font information for OML+ptmcm on input line 4.


(/usr/local/texlive/2015/texmf-dist/tex/latex/psnfss/omlptmcm.fd
File: omlptmcm.fd 2000/01/03 Fontinst v1.801 font definitions for OML/ptmcm.
)
LaTeX Font Info:    Try loading font information for OMX+psycm on input line 4.


(/usr/local/texlive/2015/texmf-dist/tex/latex/psnfss/omxpsycm.fd
File: omxpsycm.fd 2000/01/03 Fontinst v1.801 font definitions for OMX/psycm.
)
LaTeX Font Info:    Try loading font information for U+msa on input line 4.

(/usr/local/texlive/2015/texmf-dist/tex/latex/amsfonts/umsa.fd
File: umsa.fd 2013/01/14 v3.01 AMS symbols A
)
LaTeX Font Info:    Try loading font information for U+msb on input line 4.

(/usr/local/texlive/2015/texmf-dist/tex/latex/amsfonts/umsb.fd
File: umsb.fd 2013/01/14 v3.01 AMS symbols B
)
LaTeX Font Info:    Font shape `OT1/ptm/bx/n' in size <8> not available
(Font)              Font shape `OT1/ptm/b/n' tried instead on input line 4.
LaTeX Font Info:    Font shape `OT1/ptm/bx/n' in size <6> not available
(Font)              Font shape `OT1/ptm/b/n' tried instead on input line 4.
 [2]
LaTeX Font Info:    Font shape `OT1/ptm/bx/it' in size <10.95> not available
(Font)              Font shape `OT1/ptm/b/it' tried instead on input line 46.
)
\tf@toc=\write3
\openout3 = `ThesisWHY.toc'.

 [3]
(./ThesisWHY.lof [4] [5])
\tf@lof=\write4
\openout4 = `ThesisWHY.lof'.

 (./ThesisWHY.lot)
\tf@lot=\write5
\openout5 = `ThesisWHY.lot'.

 [6] [1]
LaTeX Font Info:    Font shape `OT1/ptm/bx/n' in size <12> not available
(Font)              Font shape `OT1/ptm/b/n' tried instead on input line 156.
 [2] [3]
<Figures_and_Images/Hardwoods.png, id=34, 378.41376pt x 352.31625pt>
File: Figures_and_Images/Hardwoods.png Graphic file (type png)

<use Figures_and_Images/Hardwoods.png>
Package pdftex.def Info: Figures_and_Images/Hardwoods.png used on input line 19
9.
(pdftex.def)             Requested size: 227.05pt x 211.39137pt.

<Figures_and_Images/Softwoods.png, id=36, 369.38pt x 364.36125pt>
File: Figures_and_Images/Softwoods.png Graphic file (type png)

<use Figures_and_Images/Softwoods.png>
Package pdftex.def Info: Figures_and_Images/Softwoods.png used on input line 20
0.
(pdftex.def)             Requested size: 221.6297pt x 218.61842pt.

Overfull \hbox (38.19525pt too wide) in paragraph at lines 199--201
[][] [] 
 []

[4 <./Figures_and_Images/Hardwoods.png> <./Figures_and_Images/Softwoods.png>]
<Figures_and_Images/Weathering.jpg, id=42, 3083.52pt x 2312.64pt>
File: Figures_and_Images/Weathering.jpg Graphic file (type jpg)

<use Figures_and_Images/Weathering.jpg>
Package pdftex.def Info: Figures_and_Images/Weathering.jpg used on input line 2
51.
(pdftex.def)             Requested size: 215.86845pt x 161.90134pt.


LaTeX Warning: `h' float specifier changed to `ht'.

[5] <Figures_and_Images/Core_Rotting.jpg, id=50, 3083.52pt x 2312.64pt>
File: Figures_and_Images/Core_Rotting.jpg Graphic file (type jpg)

<use Figures_and_Images/Core_Rotting.jpg>
Package pdftex.def Info: Figures_and_Images/Core_Rotting.jpg used on input line
 262.
(pdftex.def)             Requested size: 215.86845pt x 161.90134pt.

<Figures_and_Images/Notch_Rotting.jpg, id=51, 3083.52pt x 2312.64pt>
File: Figures_and_Images/Notch_Rotting.jpg Graphic file (type jpg)

<use Figures_and_Images/Notch_Rotting.jpg>
Package pdftex.def Info: Figures_and_Images/Notch_Rotting.jpg used on input lin
e 263.
(pdftex.def)             Requested size: 215.86845pt x 161.90134pt.

Overfull \hbox (21.25246pt too wide) in paragraph at lines 262--264
[][] [] 
 []

[6 <./Figures_and_Images/Weathering.jpg> <./Figures_and_Images/Core_Rotting.jpg
> <./Figures_and_Images/Notch_Rotting.jpg>]
<Figures_and_Images/Failure_Location_1.png, id=55, 386.44376pt x 76.285pt>
File: Figures_and_Images/Failure_Location_1.png Graphic file (type png)

<use Figures_and_Images/Failure_Location_1.png>
Package pdftex.def Info: Figures_and_Images/Failure_Location_1.png used on inpu
t line 304.
(pdftex.def)             Requested size: 309.15543pt x 61.02808pt.

<Figures_and_Images/Failure_Location_2.png, id=56, 303.1325pt x 107.40125pt>
File: Figures_and_Images/Failure_Location_2.png Graphic file (type png)

<use Figures_and_Images/Failure_Location_2.png>
Package pdftex.def Info: Figures_and_Images/Failure_Location_2.png used on inpu
t line 305.
(pdftex.def)             Requested size: 242.50633pt x 85.9211pt.


LaTeX Warning: `h' float specifier changed to `ht'.

[7] <Figures_and_Images/Shear_Failure.png, id=61, 449.68pt x 174.6525pt>
File: Figures_and_Images/Shear_Failure.png Graphic file (type png)

<use Figures_and_Images/Shear_Failure.png>
Package pdftex.def Info: Figures_and_Images/Shear_Failure.png used on input lin
e 322.
(pdftex.def)             Requested size: 359.74448pt x 139.72218pt.
 [8 <./Figures_and_Images/Failure_Location_1.png> <./Figures_and_Images/Failure
_Location_2.png> <./Figures_and_Images/Shear_Failure.png>]
<Figures_and_Images/Stress_Strain_Wood.png, id=68, 370.38374pt x 243.91125pt>
File: Figures_and_Images/Stress_Strain_Wood.png Graphic file (type png)

<use Figures_and_Images/Stress_Strain_Wood.png>
Package pdftex.def Info: Figures_and_Images/Stress_Strain_Wood.png used on inpu
t line 340.
(pdftex.def)             Requested size: 333.34227pt x 219.51808pt.
 [9 <./Figures_and_Images/Stress_Strain_Wood.png>]
<Figures_and_Images/Shear_Stress.png, id=74, 460.72125pt x 439.6425pt>
File: Figures_and_Images/Shear_Stress.png Graphic file (type png)

<use Figures_and_Images/Shear_Stress.png>
Package pdftex.def Info: Figures_and_Images/Shear_Stress.png used on input line
 399.
(pdftex.def)             Requested size: 322.50267pt x 307.74765pt.


LaTeX Warning: `h' float specifier changed to `ht'.

[10] [11 <./Figures_and_Images/Shear_Stress.png>] [12] [13]
<Figures_and_Images/Shear_Failure_Notching.png, id=89, 468.75125pt x 111.41624p
t>
File: Figures_and_Images/Shear_Failure_Notching.png Graphic file (type png)
 <use Figures_and_Images/Shear_Failure_Notching.png>
Package pdftex.def Info: Figures_and_Images/Shear_Failure_Notching.png used on 
input line 545.
(pdftex.def)             Requested size: 421.87221pt x 100.27368pt.

Overfull \hbox (9.30725pt too wide) in paragraph at lines 545--546
[][] 
 []

<Figures_and_Images/Bending_Fail.png, id=90, 648.4225pt x 163.61125pt>
File: Figures_and_Images/Bending_Fail.png Graphic file (type png)

<use Figures_and_Images/Bending_Fail.png>
Package pdftex.def Info: Figures_and_Images/Bending_Fail.png used on input line
 554.
(pdftex.def)             Requested size: 453.89265pt x 114.52708pt.

Overfull \hbox (41.3277pt too wide) in paragraph at lines 554--555
[][] 
 []

[14 <./Figures_and_Images/Shear_Failure_Notching.png> <./Figures_and_Images/Ben
ding_Fail.png>]
<Figures_and_Images/Fracture_Modes.png, id=96, 791.95876pt x 247.92625pt>
File: Figures_and_Images/Fracture_Modes.png Graphic file (type png)

<use Figures_and_Images/Fracture_Modes.png>
Package pdftex.def Info: Figures_and_Images/Fracture_Modes.png used on input li
ne 565.
(pdftex.def)             Requested size: 419.73615pt x 131.40028pt.

Overfull \hbox (7.17119pt too wide) in paragraph at lines 565--566
[][] 
 []

<Figures_and_Images/Notch_Types.png, id=97, 495.8525pt x 241.90375pt>
File: Figures_and_Images/Notch_Types.png Graphic file (type png)

<use Figures_and_Images/Notch_Types.png>
Package pdftex.def Info: Figures_and_Images/Notch_Types.png used on input line 
578.
(pdftex.def)             Requested size: 446.26312pt x 217.71135pt.

Overfull \hbox (33.69817pt too wide) in paragraph at lines 578--579
[][] 
 []

[15 <./Figures_and_Images/Fracture_Modes.png> <./Figures_and_Images/Notch_Types
.png>] <Figures_and_Images/Notching.png, id=103, 462.72874pt x 188.705pt>
File: Figures_and_Images/Notching.png Graphic file (type png)

<use Figures_and_Images/Notching.png>
Package pdftex.def Info: Figures_and_Images/Notching.png used on input line 615
.
(pdftex.def)             Requested size: 416.45203pt x 169.83292pt.

Overfull \hbox (3.88707pt too wide) in paragraph at lines 615--616
[][] 
 []


LaTeX Warning: `h' float specifier changed to `ht'.

[16] [17 <./Figures_and_Images/Notching.png>]
<Figures_and_Images/Geom_notched_beam_dowl.png, id=112, 426.59375pt x 125.46875
pt>
File: Figures_and_Images/Geom_notched_beam_dowl.png Graphic file (type png)
 <use Figures_and_Images/Geom_notched_beam_dowl.png>
Package pdftex.def Info: Figures_and_Images/Geom_notched_beam_dowl.png used on 
input line 673.
(pdftex.def)             Requested size: 383.93082pt x 112.9208pt.
 [18 <./Figures_and_Images/Geom_notched_beam_dowl.png>] [19] [20]
<Figures_and_Images/Notch_Screw.png, id=124, 910.40125pt x 358.33875pt>
File: Figures_and_Images/Notch_Screw.png Graphic file (type png)

<use Figures_and_Images/Notch_Screw.png>
Package pdftex.def Info: Figures_and_Images/Notch_Screw.png used on input line 
808.
(pdftex.def)             Requested size: 455.19951pt x 179.16893pt.

Overfull \hbox (42.63455pt too wide) in paragraph at lines 808--809
[][] 
 []


LaTeX Warning: `h' float specifier changed to `ht'.

<Figures_and_Images/Bolt_Layout.png, id=125, 849.1725pt x 434.62375pt>
File: Figures_and_Images/Bolt_Layout.png Graphic file (type png)

<use Figures_and_Images/Bolt_Layout.png>
Package pdftex.def Info: Figures_and_Images/Bolt_Layout.png used on input line 
821.
(pdftex.def)             Requested size: 424.5852pt x 217.31134pt.

Overfull \hbox (12.02025pt too wide) in paragraph at lines 821--822
[][] 
 []


LaTeX Warning: `h' float specifier changed to `ht'.

[21] <Figures_and_Images/Piles.png, id=129, 666.49pt x 322.20375pt>
File: Figures_and_Images/Piles.png Graphic file (type png)

<use Figures_and_Images/Piles.png>
Package pdftex.def Info: Figures_and_Images/Piles.png used on input line 837.
(pdftex.def)             Requested size: 399.89708pt x 193.32373pt.


LaTeX Warning: `h' float specifier changed to `ht'.

[22 <./Figures_and_Images/Notch_Screw.png> <./Figures_and_Images/Bolt_Layout.pn
g>] <Figures_and_Images/Wood_Axes.png, id=135, 381.425pt x 174.6525pt>
File: Figures_and_Images/Wood_Axes.png Graphic file (type png)

<use Figures_and_Images/Wood_Axes.png>
Package pdftex.def Info: Figures_and_Images/Wood_Axes.png used on input line 85
1.
(pdftex.def)             Requested size: 343.27931pt x 157.18579pt.
 [23 <./Figures_and_Images/Piles.png> <./Figures_and_Images/Wood_Axes.png>]
<Figures_and_Images/Rectangular_Set_up.png, id=141, 753.81625pt x 307.1475pt>
File: Figures_and_Images/Rectangular_Set_up.png Graphic file (type png)

<use Figures_and_Images/Rectangular_Set_up.png>
Package pdftex.def Info: Figures_and_Images/Rectangular_Set_up.png used on inpu
t line 877.
(pdftex.def)             Requested size: 414.60022pt x 168.93164pt.

Overfull \hbox (2.03526pt too wide) in paragraph at lines 877--878
 [] 
 []


LaTeX Warning: `h' float specifier changed to `ht'.

[24] <Figures_and_Images/Circular_Setup.png, id=145, 757.83125pt x 321.2pt>
File: Figures_and_Images/Circular_Setup.png Graphic file (type png)

<use Figures_and_Images/Circular_Setup.png>
Package pdftex.def Info: Figures_and_Images/Circular_Setup.png used on input li
ne 898.
(pdftex.def)             Requested size: 416.80847pt x 176.66054pt.

Overfull \hbox (4.24352pt too wide) in paragraph at lines 898--899
 [] 
 []


LaTeX Warning: `h' float specifier changed to `ht'.

[25 <./Figures_and_Images/Rectangular_Set_up.png>]
<Figures_and_Images/Round_Plate.jpg, id=151, 3925.66624pt x 1837.86626pt>
File: Figures_and_Images/Round_Plate.jpg Graphic file (type jpg)

<use Figures_and_Images/Round_Plate.jpg>
Package pdftex.def Info: Figures_and_Images/Round_Plate.jpg used on input line 
910.
(pdftex.def)             Requested size: 392.58963pt x 183.7974pt.
 [26 <./Figures_and_Images/Circular_Setup.png> <./Figures_and_Images/Round_Plat
e.jpg>]
<Figures_and_Images/Gauge_Set_Up.png, id=156, 1021.8175pt x 697.60625pt>
File: Figures_and_Images/Gauge_Set_Up.png Graphic file (type png)

<use Figures_and_Images/Gauge_Set_Up.png>
Package pdftex.def Info: Figures_and_Images/Gauge_Set_Up.png used on input line
 932.
(pdftex.def)             Requested size: 408.71976pt x 279.03755pt.
 [27 <./Figures_and_Images/Gauge_Set_Up.png>] <Figures_and_Images/MTS_Set-up.jp
g, id=161, 3011.25pt x 2258.4375pt>
File: Figures_and_Images/MTS_Set-up.jpg Graphic file (type jpg)

<use Figures_and_Images/MTS_Set-up.jpg>
Package pdftex.def Info: Figures_and_Images/MTS_Set-up.jpg used on input line 9
69.
(pdftex.def)             Requested size: 301.14264pt x 225.85698pt.


LaTeX Warning: `h' float specifier changed to `ht'.

[28] <Figures_and_Images/SETUP.jpg, id=165, 888.31876pt x 638.385pt>
File: Figures_and_Images/SETUP.jpg Graphic file (type jpg)

<use Figures_and_Images/SETUP.jpg>
Package pdftex.def Info: Figures_and_Images/SETUP.jpg used on input line 995.
(pdftex.def)             Requested size: 310.91621pt x 223.43808pt.


LaTeX Warning: `h' float specifier changed to `ht'.

[29 <./Figures_and_Images/MTS_Set-up.jpg>] [30 <./Figures_and_Images/SETUP.jpg>
] <Figures_and_Images/Notch_Angles.png, id=172, 1019.81pt x 881.2925pt>
File: Figures_and_Images/Notch_Angles.png Graphic file (type png)

<use Figures_and_Images/Notch_Angles.png>
Package pdftex.def Info: Figures_and_Images/Notch_Angles.png used on input line
 1019.
(pdftex.def)             Requested size: 407.91678pt x 352.51076pt.
 [31 <./Figures_and_Images/Notch_Angles.png>]
<Figures_and_Images/Circular_Notch_Angles.png, id=178, 713.66624pt x 672.5125pt
>
File: Figures_and_Images/Circular_Notch_Angles.png Graphic file (type png)
 <use Figures_and_Images/Circular_Notch_Angles.png>
Package pdftex.def Info: Figures_and_Images/Circular_Notch_Angles.png used on i
nput line 1031.
(pdftex.def)             Requested size: 392.51764pt x 369.88301pt.
 [32 <./Figures_and_Images/Circular_Notch_Angles.png>]

Package caption Warning: \captionsetup{type*=...} or \captionof
(caption)                outside box or environment on input line 1041.
See the caption package documentation for explanation.


Overfull \hbox (1.0107pt too wide) in paragraph at lines 1072--1072
 []|\OT1/ptm/b/n/10.95 Member 
 []


Overfull \hbox (3.93365pt too wide) in paragraph at lines 1072--1072
 \OT1/ptm/b/n/10.95 ($\OT1/ptmcm/m/n/10.95 10[]\OML/ptmcm/m/it/10.95 mm[]$\OT1/
ptm/b/n/10.95 )|| 
 []


Overfull \hbox (3.93365pt too wide) in paragraph at lines 1072--1072
 \OT1/ptm/b/n/10.95 ($\OT1/ptmcm/m/n/10.95 10[]\OML/ptmcm/m/it/10.95 mm[]$\OT1/
ptm/b/n/10.95 )|| 
 []

[33] (/usr/local/texlive/2015/texmf-dist/tex/latex/psnfss/omlptm.fd)

LaTeX Warning: Command \textgreater invalid in math mode on input line 1147.


LaTeX Warning: Command \textgreater invalid in math mode on input line 1147.


LaTeX Warning: Command \textless invalid in math mode on input line 1147.


LaTeX Warning: Command \textless invalid in math mode on input line 1147.


Overfull \hbox (1.09888pt too wide) in paragraph at lines 1147--1147
 []|[]| 
 []


Overfull \hbox (1.09888pt too wide) in paragraph at lines 1147--1147
 []|[]| 
 []


Overfull \hbox (1.09888pt too wide) in paragraph at lines 1147--1147
 []|[]| 
 []


Overfull \hbox (1.09888pt too wide) in paragraph at lines 1147--1147
 []|[]| 
 []

<Figures_and_Images/Ansys_Deflection.png, id=186, 798.73407pt x 304.13625pt>
File: Figures_and_Images/Ansys_Deflection.png Graphic file (type png)

<use Figures_and_Images/Ansys_Deflection.png>
Package pdftex.def Info: Figures_and_Images/Ansys_Deflection.png used on input 
line 1159.
(pdftex.def)             Requested size: 359.42702pt x 136.86003pt.
 [34]
<Figures_and_Images/YZ_shear_strain.png, id=190, 786.68906pt x 295.1025pt>
File: Figures_and_Images/YZ_shear_strain.png Graphic file (type png)

<use Figures_and_Images/YZ_shear_strain.png>
Package pdftex.def Info: Figures_and_Images/YZ_shear_strain.png used on input l
ine 1168.
(pdftex.def)             Requested size: 354.0068pt x 132.79489pt.

<Figures_and_Images/y_normal_strain.png, id=191, 813.0375pt x 286.82156pt>
File: Figures_and_Images/y_normal_strain.png Graphic file (type png)

<use Figures_and_Images/y_normal_strain.png>
Package pdftex.def Info: Figures_and_Images/y_normal_strain.png used on input l
ine 1176.
(pdftex.def)             Requested size: 365.8635pt x 129.0685pt.

<Figures_and_Images/z_normal_strain.png, id=192, 796.47563pt x 287.57437pt>
File: Figures_and_Images/z_normal_strain.png Graphic file (type png)

<use Figures_and_Images/z_normal_strain.png>
Package pdftex.def Info: Figures_and_Images/z_normal_strain.png used on input l
ine 1177.
(pdftex.def)             Requested size: 358.41072pt x 129.40727pt.


LaTeX Warning: `h' float specifier changed to `ht'.

[35 <./Figures_and_Images/Ansys_Deflection.png> <./Figures_and_Images/YZ_shear_
strain.png>]
<Figures_and_Images/Ansys_Properties.jpg, id=198, 521.95pt x 273.02pt>
File: Figures_and_Images/Ansys_Properties.jpg Graphic file (type jpg)

<use Figures_and_Images/Ansys_Properties.jpg>
Package pdftex.def Info: Figures_and_Images/Ansys_Properties.jpg used on input 
line 1193.
(pdftex.def)             Requested size: 339.26347pt x 177.46089pt.
 [36 <./Figures_and_Images/y_normal_strain.png> <./Figures_and_Images/z_normal_
strain.png> <./Figures_and_Images/Ansys_Properties.jpg>]
<Figures_and_Images/Rect_load.png, id=204, 552.0625pt x 387.4475pt>
File: Figures_and_Images/Rect_load.png Graphic file (type png)

<use Figures_and_Images/Rect_load.png>
Package pdftex.def Info: Figures_and_Images/Rect_load.png used on input line 12
12.
(pdftex.def)             Requested size: 386.4411pt x 271.2114pt.
 [37 <./Figures_and_Images/Rect_load.png>] <Figures_and_Images/Rect_Crack_Open.
png, id=210, 880.28876pt x 477.785pt>
File: Figures_and_Images/Rect_Crack_Open.png Graphic file (type png)

<use Figures_and_Images/Rect_Crack_Open.png>
Package pdftex.def Info: Figures_and_Images/Rect_Crack_Open.png used on input l
ine 1275.
(pdftex.def)             Requested size: 440.1433pt x 238.8919pt.

Overfull \hbox (27.57834pt too wide) in paragraph at lines 1275--1276
 [] 
 []


LaTeX Warning: `h' float specifier changed to `ht'.

[38]
<Figures_and_Images/Rect_propegate.png, id=214, 1347.0325pt x 370.38374pt>
File: Figures_and_Images/Rect_propegate.png Graphic file (type png)

<use Figures_and_Images/Rect_propegate.png>
Package pdftex.def Info: Figures_and_Images/Rect_propegate.png used on input li
ne 1286.
(pdftex.def)             Requested size: 417.57576pt x 114.81776pt.

Overfull \hbox (5.0108pt too wide) in paragraph at lines 1286--1287
 [] 
 []

[39 <./Figures_and_Images/Rect_Crack_Open.png> <./Figures_and_Images/Rect_prope
gate.png>]
<Figures_and_Images/Rect_Shear.png, id=220, 1351.0475pt x 506.89375pt>
File: Figures_and_Images/Rect_Shear.png Graphic file (type png)

<use Figures_and_Images/Rect_Shear.png>
Package pdftex.def Info: Figures_and_Images/Rect_Shear.png used on input line 1
298.
(pdftex.def)             Requested size: 418.8204pt x 157.13544pt.

Overfull \hbox (6.25545pt too wide) in paragraph at lines 1298--1299
 [] 
 []

<Figures_and_Images/Rect_Flexure.png, id=221, 1393.205pt x 755.82375pt>
File: Figures_and_Images/Rect_Flexure.png Graphic file (type png)

<use Figures_and_Images/Rect_Flexure.png>
Package pdftex.def Info: Figures_and_Images/Rect_Flexure.png used on input line
 1309.
(pdftex.def)             Requested size: 417.96472pt x 226.74887pt.

Overfull \hbox (5.39977pt too wide) in paragraph at lines 1309--1310
 [] 
 []

[40 <./Figures_and_Images/Rect_Shear.png> <./Figures_and_Images/Rect_Flexure.pn
g>] <Figures_and_Images/Spec_2_flex.jpg, id=227, 3011.25pt x 4015.0pt>
File: Figures_and_Images/Spec_2_flex.jpg Graphic file (type jpg)

<use Figures_and_Images/Spec_2_flex.jpg>
Package pdftex.def Info: Figures_and_Images/Spec_2_flex.jpg used on input line 
1321.
(pdftex.def)             Requested size: 150.57132pt x 200.76176pt.

<Figures_and_Images/Spec_2_Top.jpg, id=228, 3011.25pt x 2258.4375pt>
File: Figures_and_Images/Spec_2_Top.jpg Graphic file (type jpg)

<use Figures_and_Images/Spec_2_Top.jpg>
Package pdftex.def Info: Figures_and_Images/Spec_2_Top.jpg used on input line 1
322.
(pdftex.def)             Requested size: 258.96245pt x 194.22183pt.

<Figures_and_Images/Spec_2_wet.jpg, id=229, 3011.25pt x 2258.4375pt>
File: Figures_and_Images/Spec_2_wet.jpg Graphic file (type jpg)

<use Figures_and_Images/Spec_2_wet.jpg>
Package pdftex.def Info: Figures_and_Images/Spec_2_wet.jpg used on input line 1
333.
(pdftex.def)             Requested size: 301.14264pt x 225.85698pt.
 [41 <./Figures_and_Images/Spec_2_flex.jpg> <./Figures_and_Images/Spec_2_Top.jp
g> <./Figures_and_Images/Spec_2_wet.jpg>] [42] [43]
<Figures_and_Images/Rect_Spec_Cap.png, id=240, 609.27625pt x 421.575pt>
File: Figures_and_Images/Rect_Spec_Cap.png Graphic file (type png)

<use Figures_and_Images/Rect_Spec_Cap.png>
Package pdftex.def Info: Figures_and_Images/Rect_Spec_Cap.png used on input lin
e 1442.
(pdftex.def)             Requested size: 396.02486pt x 274.0205pt.
 [44 <./Figures_and_Images/Rect_Spec_Cap.png>] <Figures_and_Images/Rect_Time.pn
g, id=246, 502.87875pt x 357.335pt>
File: Figures_and_Images/Rect_Time.png Graphic file (type png)

<use Figures_and_Images/Rect_Time.png>
Package pdftex.def Info: Figures_and_Images/Rect_Time.png used on input line 14
65.
(pdftex.def)             Requested size: 402.30354pt x 285.86838pt.
 [45 <./Figures_and_Images/Rect_Time.png>] <Figures_and_Images/Rect_10_Def.png,
 id=251, 506.89375pt x 323.2075pt>
File: Figures_and_Images/Rect_10_Def.png Graphic file (type png)

<use Figures_and_Images/Rect_10_Def.png>
Package pdftex.def Info: Figures_and_Images/Rect_10_Def.png used on input line 
1486.
(pdftex.def)             Requested size: 405.51555pt x 258.56635pt.


LaTeX Warning: `h' float specifier changed to `ht'.

[46] <Figures_and_Images/Rect_10_Centre.png, id=255, 529.98pt x 366.36874pt>
File: Figures_and_Images/Rect_10_Centre.png Graphic file (type png)

<use Figures_and_Images/Rect_10_Centre.png>
Package pdftex.def Info: Figures_and_Images/Rect_10_Centre.png used on input li
ne 1499.
(pdftex.def)             Requested size: 397.48401pt x 274.77588pt.


LaTeX Warning: `h' float specifier changed to `ht'.

[47 <./Figures_and_Images/Rect_10_Def.png>]
<Figures_and_Images/Rect_10_Z.png, id=260, 499.8675pt x 348.30125pt>
File: Figures_and_Images/Rect_10_Z.png Graphic file (type png)

<use Figures_and_Images/Rect_10_Z.png>
Package pdftex.def Info: Figures_and_Images/Rect_10_Z.png used on input line 15
12.
(pdftex.def)             Requested size: 399.89453pt x 278.64137pt.


LaTeX Warning: `h' float specifier changed to `ht'.

[48 <./Figures_and_Images/Rect_10_Centre.png>]
<Figures_and_Images/Rect_10_Y.png, id=265, 499.8675pt x 344.28625pt>
File: Figures_and_Images/Rect_10_Y.png Graphic file (type png)

<use Figures_and_Images/Rect_10_Y.png>
Package pdftex.def Info: Figures_and_Images/Rect_10_Y.png used on input line 15
29.
(pdftex.def)             Requested size: 399.89453pt x 275.42937pt.


LaTeX Warning: `h' float specifier changed to `ht'.

[49 <./Figures_and_Images/Rect_10_Z.png>]
<Figures_and_Images/End_wedge.jpg, id=271, 3011.25pt x 2258.4375pt>
File: Figures_and_Images/End_wedge.jpg Graphic file (type jpg)

<use Figures_and_Images/End_wedge.jpg>
Package pdftex.def Info: Figures_and_Images/End_wedge.jpg used on input line 15
42.
(pdftex.def)             Requested size: 195.73811pt x 146.80359pt.

<Figures_and_Images/Top_wedge.jpg, id=272, 3011.25pt x 2258.4375pt>
File: Figures_and_Images/Top_wedge.jpg Graphic file (type jpg)

<use Figures_and_Images/Top_wedge.jpg>
Package pdftex.def Info: Figures_and_Images/Top_wedge.jpg used on input line 15
43.
(pdftex.def)             Requested size: 195.73811pt x 146.80359pt.
 [50 <./Figures_and_Images/Rect_10_Y.png> <./Figures_and_Images/End_wedge.jpg> 
<./Figures_and_Images/Top_wedge.jpg>]
<Figures_and_Images/Rect_12_Def.png, id=277, 503.8825pt x 322.20375pt>
File: Figures_and_Images/Rect_12_Def.png Graphic file (type png)

<use Figures_and_Images/Rect_12_Def.png>
Package pdftex.def Info: Figures_and_Images/Rect_12_Def.png used on input line 
1560.
(pdftex.def)             Requested size: 403.10655pt x 257.76334pt.

<Figures_and_Images/Rect_12_Centre.png, id=278, 502.87875pt x 342.27875pt>
File: Figures_and_Images/Rect_12_Centre.png Graphic file (type png)

<use Figures_and_Images/Rect_12_Centre.png>
Package pdftex.def Info: Figures_and_Images/Rect_12_Centre.png used on input li
ne 1571.
(pdftex.def)             Requested size: 377.15813pt x 256.70842pt.


LaTeX Warning: `h' float specifier changed to `ht'.

[51 <./Figures_and_Images/Rect_12_Def.png>]
<Figures_and_Images/Rect_12_Z.png, id=283, 497.86pt x 344.28625pt>
File: Figures_and_Images/Rect_12_Z.png Graphic file (type png)

<use Figures_and_Images/Rect_12_Z.png>
Package pdftex.def Info: Figures_and_Images/Rect_12_Z.png used on input line 15
87.
(pdftex.def)             Requested size: 373.39407pt x 258.21405pt.


LaTeX Warning: `h' float specifier changed to `ht'.

[52 <./Figures_and_Images/Rect_12_Centre.png>]
<Figures_and_Images/Cut_Top.jpg, id=288, 3011.25pt x 2258.4375pt>
File: Figures_and_Images/Cut_Top.jpg Graphic file (type jpg)

<use Figures_and_Images/Cut_Top.jpg>
Package pdftex.def Info: Figures_and_Images/Cut_Top.jpg used on input line 1601
.
(pdftex.def)             Requested size: 195.73811pt x 146.80359pt.

<Figures_and_Images/Cut_Side.jpg, id=289, 3011.25pt x 2258.4375pt>
File: Figures_and_Images/Cut_Side.jpg Graphic file (type jpg)

<use Figures_and_Images/Cut_Side.jpg>
Package pdftex.def Info: Figures_and_Images/Cut_Side.jpg used on input line 160
2.
(pdftex.def)             Requested size: 195.73811pt x 146.80359pt.
 [53 <./Figures_and_Images/Rect_12_Z.png> <./Figures_and_Images/Cut_Top.jpg> <.
/Figures_and_Images/Cut_Side.jpg>]
<Figures_and_Images/Rect_12_Y.png, id=294, 494.84875pt x 343.2825pt>
File: Figures_and_Images/Rect_12_Y.png Graphic file (type png)

<use Figures_and_Images/Rect_12_Y.png>
Package pdftex.def Info: Figures_and_Images/Rect_12_Y.png used on input line 16
15.
(pdftex.def)             Requested size: 395.87955pt x 274.62636pt.
 [54 <./Figures_and_Images/Rect_12_Y.png>] <Figures_and_Images/Rect_14_Def.png,
 id=299, 503.8825pt x 320.19624pt>
File: Figures_and_Images/Rect_14_Def.png Graphic file (type png)

<use Figures_and_Images/Rect_14_Def.png>
Package pdftex.def Info: Figures_and_Images/Rect_14_Def.png used on input line 
1632.
(pdftex.def)             Requested size: 403.10655pt x 256.15733pt.

<Figures_and_Images/Rect_14_Centre.png, id=300, 500.87125pt x 348.30125pt>
File: Figures_and_Images/Rect_14_Centre.png Graphic file (type png)

<use Figures_and_Images/Rect_14_Centre.png>
Package pdftex.def Info: Figures_and_Images/Rect_14_Centre.png used on input li
ne 1643.
(pdftex.def)             Requested size: 375.6525pt x 261.2253pt.


LaTeX Warning: `h' float specifier changed to `ht'.

[55 <./Figures_and_Images/Rect_14_Def.png>] [56 <./Figures_and_Images/Rect_14_C
entre.png>]
<Figures_and_Images/Rect_14_Z.png, id=310, 494.84875pt x 348.30125pt>
File: Figures_and_Images/Rect_14_Z.png Graphic file (type png)

<use Figures_and_Images/Rect_14_Z.png>
Package pdftex.def Info: Figures_and_Images/Rect_14_Z.png used on input line 16
58.
(pdftex.def)             Requested size: 341.44601pt x 240.32813pt.

<Figures_and_Images/Rect_14_Y.png, id=311, 494.84875pt x 348.30125pt>
File: Figures_and_Images/Rect_14_Y.png Graphic file (type png)

<use Figures_and_Images/Rect_14_Y.png>
Package pdftex.def Info: Figures_and_Images/Rect_14_Y.png used on input line 16
59.
(pdftex.def)             Requested size: 341.44601pt x 240.32813pt.

<Figures_and_Images/Round_load.png, id=312, 550.055pt x 375.4025pt>
File: Figures_and_Images/Round_load.png Graphic file (type png)

<use Figures_and_Images/Round_load.png>
Package pdftex.def Info: Figures_and_Images/Round_load.png used on input line 1
673.
(pdftex.def)             Requested size: 385.03587pt x 262.77995pt.
 [57 <./Figures_and_Images/Rect_14_Z.png> <./Figures_and_Images/Rect_14_Y.png>]
 [58 <./Figures_and_Images/Round_load.png>]
Underfull \hbox (badness 3009) in paragraph at lines 1723--1723
[]|\OT1/ptm/m/n/10.95 Notch cracked at ul-ti-mate
 []


Overfull \hbox (6.23872pt too wide) in paragraph at lines 1694--1728
[][]
 []

[59]
<Figures_and_Images/Roun_Crack_Open.jpg, id=325, 1020.81375pt x 569.12625pt>
File: Figures_and_Images/Roun_Crack_Open.jpg Graphic file (type jpg)

<use Figures_and_Images/Roun_Crack_Open.jpg>
Package pdftex.def Info: Figures_and_Images/Roun_Crack_Open.jpg used on input l
ine 1779.
(pdftex.def)             Requested size: 357.29016pt x 199.19717pt.


LaTeX Warning: `h' float specifier changed to `ht'.

[60] <Figures_and_Images/Round_Fail.jpg, id=329, 1021.8175pt x 469.755pt>
File: Figures_and_Images/Round_Fail.jpg Graphic file (type jpg)

<use Figures_and_Images/Round_Fail.jpg>
Package pdftex.def Info: Figures_and_Images/Round_Fail.jpg used on input line 1
794.
(pdftex.def)             Requested size: 408.71976pt x 187.89867pt.
 [61 <./Figures_and_Images/Roun_Crack_Open.jpg> <./Figures_and_Images/Round_Fai
l.jpg>] [62]
<Figures_and_Images/Round_Spec_Cap.png, id=337, 526.96875pt x 356.33125pt>
File: Figures_and_Images/Round_Spec_Cap.png Graphic file (type png)

<use Figures_and_Images/Round_Spec_Cap.png>
Package pdftex.def Info: Figures_and_Images/Round_Spec_Cap.png used on input li
ne 1858.
(pdftex.def)             Requested size: 421.57556pt x 285.06537pt.

Overfull \hbox (15.8106pt too wide) in paragraph at lines 1858--1859
 [] 
 []

<Figures_and_Images/Round_crack_fail.png, id=338, 496.85625pt x 379.4175pt>
File: Figures_and_Images/Round_crack_fail.png Graphic file (type png)

<use Figures_and_Images/Round_crack_fail.png>
Package pdftex.def Info: Figures_and_Images/Round_crack_fail.png used on input 
line 1873.
(pdftex.def)             Requested size: 397.48553pt x 303.53441pt.


LaTeX Warning: `h' float specifier changed to `ht'.

[63 <./Figures_and_Images/Round_Spec_Cap.png>]
<Figures_and_Images/Round_10_def.png, id=343, 506.89375pt x 324.21124pt>
File: Figures_and_Images/Round_10_def.png Graphic file (type png)

<use Figures_and_Images/Round_10_def.png>
Package pdftex.def Info: Figures_and_Images/Round_10_def.png used on input line
 1891.
(pdftex.def)             Requested size: 405.51555pt x 259.36934pt.


LaTeX Warning: `h' float specifier changed to `ht'.

<Figures_and_Images/Round_10_Centre.png, id=344, 502.87875pt x 345.29pt>
File: Figures_and_Images/Round_10_Centre.png Graphic file (type png)

<use Figures_and_Images/Round_10_Centre.png>
Package pdftex.def Info: Figures_and_Images/Round_10_Centre.png used on input l
ine 1899.
(pdftex.def)             Requested size: 402.30354pt x 276.23236pt.


LaTeX Warning: `h' float specifier changed to `ht'.

<Figures_and_Images/Round_10_Z.png, id=345, 497.86pt x 349.305pt>
File: Figures_and_Images/Round_10_Z.png Graphic file (type png)

<use Figures_and_Images/Round_10_Z.png>
Package pdftex.def Info: Figures_and_Images/Round_10_Z.png used on input line 1
907.
(pdftex.def)             Requested size: 398.28853pt x 279.44437pt.


LaTeX Warning: `h' float specifier changed to `ht'.

<Figures_and_Images/Round_10_Y.png, id=346, 496.85625pt x 351.3125pt>
File: Figures_and_Images/Round_10_Y.png Graphic file (type png)

<use Figures_and_Images/Round_10_Y.png>
Package pdftex.def Info: Figures_and_Images/Round_10_Y.png used on input line 1
915.
(pdftex.def)             Requested size: 397.48553pt x 281.05037pt.


LaTeX Warning: `h' float specifier changed to `ht'.

[64 <./Figures_and_Images/Round_crack_fail.png>] [65 <./Figures_and_Images/Roun
d_10_def.png>]
<Figures_and_Images/Com_Cap.png, id=355, 544.0325pt x 343.2825pt>
File: Figures_and_Images/Com_Cap.png Graphic file (type png)

<use Figures_and_Images/Com_Cap.png>
Package pdftex.def Info: Figures_and_Images/Com_Cap.png used on input line 1948
.
(pdftex.def)             Requested size: 364.49988pt x 229.99806pt.


LaTeX Warning: `h' float specifier changed to `ht'.

<Figures_and_Images/Comp_Notch.png, id=356, 563.10374pt x 341.275pt>
File: Figures_and_Images/Comp_Notch.png Graphic file (type png)

<use Figures_and_Images/Comp_Notch.png>
Package pdftex.def Info: Figures_and_Images/Comp_Notch.png used on input line 1
959.
(pdftex.def)             Requested size: 366.01309pt x 221.82611pt.


LaTeX Warning: `h' float specifier changed to `ht'.

[66 <./Figures_and_Images/Round_10_Centre.png>] [67 <./Figures_and_Images/Round
_10_Z.png>]
Overfull \hbox (17.5515pt too wide) detected at line 2005
\OML/ptmcm/m/it/10.95 I[] \OT1/ptmcm/m/n/10.95 = \OML/ptmcm/m/it/10.95 ^^YR[][]
[][][][] \OT1/ptmcm/m/n/10.95 + \OML/ptmcm/m/it/10.95 k[][] \OMS/pzccm/m/n/10.9
5 ^^@ [][]\OML/ptmcm/m/it/10.95 m \OT1/ptmcm/m/n/10.95 + 2 [](2\OML/ptmcm/m/it/
10.95 ^^R\OT1/ptmcm/m/n/10.95 ) [][](\OML/ptmcm/m/it/10.95 ^^R\OT1/ptmcm/m/n/10
.95 )[] + [][][] \OMS/pzccm/m/n/10.95 ^^@ \OML/ptmcm/m/it/10.95 k[][] \OT1/ptmc
m/m/n/10.95 + 2\OML/ptmcm/m/it/10.95 R[][][] \OMS/pzccm/m/n/10.95 ^^@ [][]
 []

[68 <./Figures_and_Images/Round_10_Y.png>] [69 <./Figures_and_Images/Com_Cap.pn
g>] <Figures_and_Images/Shear_Des.png, id=374, 520.94624pt x 364.36125pt>
File: Figures_and_Images/Shear_Des.png Graphic file (type png)

<use Figures_and_Images/Shear_Des.png>
Package pdftex.def Info: Figures_and_Images/Shear_Des.png used on input line 20
44.
(pdftex.def)             Requested size: 416.75757pt x 291.48938pt.

Overfull \hbox (10.9926pt too wide) in paragraph at lines 2044--2045
 [] 
 []


LaTeX Warning: `h' float specifier changed to `ht'.

[70 <./Figures_and_Images/Comp_Notch.png>] [71 <./Figures_and_Images/Shear_Des.
png>] [72] (./ThesisWHY.bbl [73] [74]) [75]
LaTeX Font Info:    Font shape `OT1/ptm/bx/it' in size <14.4> not available
(Font)              Font shape `OT1/ptm/b/it' tried instead on input line 2095.

 [1

] [2] (./ThesisWHY.aux)

LaTeX Font Warning: Some font shapes were not available, defaults substituted.

 ) 
Here is how much of TeX's memory you used:
 6690 strings out of 493089
 106154 string characters out of 6134843
 189482 words of memory out of 5000000
 9918 multiletter control sequences out of 15000+600000
 45084 words of font info for 85 fonts, out of 8000000 for 9000
 1141 hyphenation exceptions out of 8191
 38i,12n,75p,2069b,470s stack positions out of 5000i,500n,10000p,200000b,80000s
{/usr/local/texlive/2015/texmf-dist/fonts/enc/dvips/base/8r.enc}</usr/local/t
exlive/2015/texmf-dist/fonts/type1/public/amsfonts/cm/cmex10.pfb></usr/local/te
xlive/2015/texmf-dist/fonts/type1/public/amsfonts/cm/cmmi10.pfb></usr/local/tex
live/2015/texmf-dist/fonts/type1/public/amsfonts/cm/cmr10.pfb></usr/local/texli
ve/2015/texmf-dist/fonts/type1/public/amsfonts/cm/cmsy10.pfb></usr/local/texliv
e/2015/texmf-dist/fonts/type1/urw/symbol/usyr.pfb></usr/local/texlive/2015/texm
f-dist/fonts/type1/urw/times/utmb8a.pfb></usr/local/texlive/2015/texmf-dist/fon
ts/type1/urw/times/utmbi8a.pfb></usr/local/texlive/2015/texmf-dist/fonts/type1/
urw/times/utmr8a.pfb></usr/local/texlive/2015/texmf-dist/fonts/type1/urw/times/
utmri8a.pfb>
Output written on ThesisWHY.pdf (83 pages, 40457386 bytes).
PDF statistics:
 437 PDF objects out of 1000 (max. 8388607)
 214 compressed objects within 3 object streams
 0 named destinations out of 1000 (max. 500000)
 356 words of extra memory for PDF output out of 10000 (max. 10000000)

